Using pre-set license
Built from '2020.3/staging' branch; Version is '2020.3.16f1 (049d6eca3c44) revision 302446'; Using compiler version '192528614'; Build Type 'Release'
OS: 'Windows 10 Pro; OS build 19044.1526; Version 2009; 64bit' Language: 'en' Physical Memory: 32663 MB
BatchMode: 1, IsHumanControllingUs: 0, StartBugReporterOnCrash: 0, Is64bit: 1, IsPro: 0

 COMMAND LINE ARGUMENTS:
E:\Games\Unity\2020.3.16f1\Editor\Unity.exe
-adb2
-batchMode
-noUpm
-name
AssetImportWorker0
-projectPath
C:/Users/User/Desktop/Unity Stuff/Sound Animation Tutorial/SoAnTutorial
-logFile
Logs/AssetImportWorker0.log
-srvPort
50864
Successfully changed project path to: C:/Users/User/Desktop/Unity Stuff/Sound Animation Tutorial/SoAnTutorial
C:/Users/User/Desktop/Unity Stuff/Sound Animation Tutorial/SoAnTutorial
Using Asset Import Pipeline V2.
Refreshing native plugins compatible for Editor in 40.40 ms, found 3 plugins.
Preloading 0 native plugins for Editor in 0.00 ms.
Initialize engine version: 2020.3.16f1 (049d6eca3c44)
[Subsystems] Discovering subsystems at path E:/Games/Unity/2020.3.16f1/Editor/Data/Resources/UnitySubsystems
[Subsystems] Discovering subsystems at path C:/Users/User/Desktop/Unity Stuff/Sound Animation Tutorial/SoAnTutorial/Assets
GfxDevice: creating device client; threaded=0
Direct3D:
    Version:  Direct3D 11.0 [level 11.0]
    Renderer: NVIDIA GeForce GTX 745 (ID=0x1382)
    Vendor:   
    VRAM:     2007 MB
    Driver:   27.21.14.6089
Initialize mono
Mono path[0] = 'E:/Games/Unity/2020.3.16f1/Editor/Data/Managed'
Mono path[1] = 'E:/Games/Unity/2020.3.16f1/Editor/Data/MonoBleedingEdge/lib/mono/unityjit'
Mono config path = 'E:/Games/Unity/2020.3.16f1/Editor/Data/MonoBleedingEdge/etc'
Using monoOptions --debugger-agent=transport=dt_socket,embedding=1,server=y,suspend=n,address=127.0.0.1:56224
Begin MonoManager ReloadAssembly
Registering precompiled unity dll's ...
Register platform support module: E:/Games/Unity/2020.3.16f1/Editor/Data/PlaybackEngines/WindowsStandaloneSupport/UnityEditor.WindowsStandalone.Extensions.dll
Registered in 0.001151 seconds.
Native extension for WindowsStandalone target not found
Refreshing native plugins compatible for Editor in 35.95 ms, found 3 plugins.
Preloading 0 native plugins for Editor in 0.00 ms.
Mono: successfully reloaded assembly
- Completed reload, in  0.858 seconds
Domain Reload Profiling:
	ReloadAssembly (858ms)
		BeginReloadAssembly (46ms)
			ExecutionOrderSort (0ms)
			DisableScriptedObjects (0ms)
			BackupInstance (0ms)
			ReleaseScriptingObjects (0ms)
			CreateAndSetChildDomain (1ms)
		EndReloadAssembly (357ms)
			LoadAssemblies (45ms)
			RebuildTransferFunctionScriptingTraits (0ms)
			SetupTypeCache (132ms)
			ReleaseScriptCaches (0ms)
			RebuildScriptCaches (26ms)
			SetupLoadedEditorAssemblies (141ms)
				LogAssemblyErrors (0ms)
				InitializePlatformSupportModulesInManaged (3ms)
				SetLoadedEditorAssemblies (0ms)
				RefreshPlugins (36ms)
				BeforeProcessingInitializeOnLoad (7ms)
				ProcessInitializeOnLoadAttributes (70ms)
				ProcessInitializeOnLoadMethodAttributes (25ms)
				AfterProcessingInitializeOnLoad (0ms)
				EditorAssembliesLoaded (0ms)
			ExecutionOrderSort2 (0ms)
			AwakeInstancesAfterBackupRestoration (0ms)
Platform modules already initialized, skipping
Registering precompiled user dll's ...
Registered in 0.003873 seconds.
Begin MonoManager ReloadAssembly
Native extension for WindowsStandalone target not found
Refreshing native plugins compatible for Editor in 36.15 ms, found 3 plugins.
Preloading 0 native plugins for Editor in 0.00 ms.
Mono: successfully reloaded assembly
- Completed reload, in  1.005 seconds
Domain Reload Profiling:
	ReloadAssembly (1006ms)
		BeginReloadAssembly (122ms)
			ExecutionOrderSort (0ms)
			DisableScriptedObjects (4ms)
			BackupInstance (0ms)
			ReleaseScriptingObjects (0ms)
			CreateAndSetChildDomain (15ms)
		EndReloadAssembly (833ms)
			LoadAssemblies (76ms)
			RebuildTransferFunctionScriptingTraits (0ms)
			SetupTypeCache (254ms)
			ReleaseScriptCaches (0ms)
			RebuildScriptCaches (41ms)
			SetupLoadedEditorAssemblies (353ms)
				LogAssemblyErrors (0ms)
				InitializePlatformSupportModulesInManaged (3ms)
				SetLoadedEditorAssemblies (0ms)
				RefreshPlugins (36ms)
				BeforeProcessingInitializeOnLoad (56ms)
				ProcessInitializeOnLoadAttributes (244ms)
				ProcessInitializeOnLoadMethodAttributes (11ms)
				AfterProcessingInitializeOnLoad (2ms)
				EditorAssembliesLoaded (0ms)
			ExecutionOrderSort2 (0ms)
			AwakeInstancesAfterBackupRestoration (6ms)
Platform modules already initialized, skipping
========================================================================
Worker process is ready to serve import requests
Launched and connected shader compiler UnityShaderCompiler.exe after 0.05 seconds
Refreshing native plugins compatible for Editor in 0.44 ms, found 3 plugins.
Preloading 0 native plugins for Editor in 0.00 ms.
Unloading 2092 Unused Serialized files (Serialized files now loaded: 0)
System memory in use before: 93.0 MB.
System memory in use after: 93.1 MB.

Unloading 28 unused Assets to reduce memory usage. Loaded Objects now: 2529.
Total: 2.766700 ms (FindLiveObjects: 0.201000 ms CreateObjectMapping: 0.091200 ms MarkObjects: 2.420800 ms  DeleteObjects: 0.052900 ms)

AssetImportParameters requested are different than current active one (requested -> active):
  custom:framework-win-MediaFoundation: 216162199b28c13a410421893ffa2e32 -> 
  custom:video-decoder-ogg-theora: a1e56fd34408186e4bbccfd4996cb3dc -> 
  custom:container-muxer-webm: aa71ff27fc2769a1b78a27578f13a17b -> 
  custom:container-demuxer-webm: 4f35f7cbe854078d1ac9338744f61a02 -> 
  custom:container-demuxer-ogg: 62fdf1f143b41e24485cea50d1cbac27 -> 
  custom:video-encoder-webm-vp8: eb34c28f22e8b96e1ab97ce403110664 -> 
  custom:video-decoder-webm-vp8: 9c59270c3fd7afecdb556c50c9e8de78 -> 
  custom:audio-decoder-ogg-vorbis: bf7c407c2cedff20999df2af8eb42d56 -> 
  custom:audio-encoder-webm-vorbis: bf7c407c2cedff20999df2af8eb42d56 -> 
========================================================================
Received Import Request.
  path: Assets
  artifactKey: Guid(00000000000000001000000000000000) Importer(815301076,1909f56bfc062723c751e8b465ee728b)
Start importing Assets using Guid(00000000000000001000000000000000) Importer(815301076,1909f56bfc062723c751e8b465ee728b)  -> (artifact id: '42d402b061de3733987d63b9cc3b64de') in 0.008349 seconds 
  Import took 0.011105 seconds .

========================================================================
Received Import Request.
  Time since last request: 3.949040 seconds.
  path: Assets/Sprites
  artifactKey: Guid(184485b2a088afe4db453ef5f08f001a) Importer(815301076,1909f56bfc062723c751e8b465ee728b)
Start importing Assets/Sprites using Guid(184485b2a088afe4db453ef5f08f001a) Importer(815301076,1909f56bfc062723c751e8b465ee728b)  -> (artifact id: '43652d600429c3e7f7f91aca494c4e31') in 0.006732 seconds 
  Import took 0.009716 seconds .

========================================================================
Received Import Request.
  Time since last request: 12.304471 seconds.
  path: Assets/Sprites/Dead (1).png
  artifactKey: Guid(761ca911abf03c641a80c617ad3ed292) Importer(815301076,1909f56bfc062723c751e8b465ee728b)
Start importing Assets/Sprites/Dead (1).png using Guid(761ca911abf03c641a80c617ad3ed292) Importer(815301076,1909f56bfc062723c751e8b465ee728b)  -> (artifact id: '3eb22833d99e0bbe9d4b19d7bdd55014') in 0.105767 seconds 
  Import took 0.108934 seconds .

========================================================================
Received Import Request.
  Time since last request: 0.000195 seconds.
  path: Assets/Sprites/Walk (8).png
  artifactKey: Guid(fbf1f44e28d42994e91831b3a2379c43) Importer(815301076,1909f56bfc062723c751e8b465ee728b)
Start importing Assets/Sprites/Walk (8).png using Guid(fbf1f44e28d42994e91831b3a2379c43) Importer(815301076,1909f56bfc062723c751e8b465ee728b)  -> (artifact id: 'baf7eaa310d1f6f3b4ee9c2d0a670f10') in 0.020362 seconds 
  Import took 0.023811 seconds .

========================================================================
Received Import Request.
  Time since last request: 0.000189 seconds.
  path: Assets/Sprites/Run (6).png
  artifactKey: Guid(9cfbeb4d9cb4f1047b39286a0b05158e) Importer(815301076,1909f56bfc062723c751e8b465ee728b)
Start importing Assets/Sprites/Run (6).png using Guid(9cfbeb4d9cb4f1047b39286a0b05158e) Importer(815301076,1909f56bfc062723c751e8b465ee728b)  -> (artifact id: '9e1d51fe96f78c9ab3709c0ce9528c8c') in 0.016918 seconds 
  Import took 0.020522 seconds .

========================================================================
Received Import Request.
  Time since last request: 0.000187 seconds.
  path: Assets/Sprites/Walk (4).png
  artifactKey: Guid(f2f5571fa41cad843958f439dc8f4e18) Importer(815301076,1909f56bfc062723c751e8b465ee728b)
Start importing Assets/Sprites/Walk (4).png using Guid(f2f5571fa41cad843958f439dc8f4e18) Importer(815301076,1909f56bfc062723c751e8b465ee728b)  -> (artifact id: '1fe0ae90868b9a37e7e7f08b207c45b4') in 0.016701 seconds 
  Import took 0.021640 seconds .

========================================================================
Received Import Request.
  Time since last request: 0.000218 seconds.
  path: Assets/Sprites/Dead (6).png
  artifactKey: Guid(ffe2fc0e28bd57646b4a65d35c3e52e2) Importer(815301076,1909f56bfc062723c751e8b465ee728b)
Start importing Assets/Sprites/Dead (6).png using Guid(ffe2fc0e28bd57646b4a65d35c3e52e2) Importer(815301076,1909f56bfc062723c751e8b465ee728b)  -> (artifact id: 'ee19243d2495974d3f8b3ff3c676b096') in 0.021144 seconds 
  Import took 0.025283 seconds .

========================================================================
Received Import Request.
  Time since last request: 0.000200 seconds.
  path: Assets/Sprites/Idle (5).png
  artifactKey: Guid(29a72a36a0044c44b8781e7ebd3ce55f) Importer(815301076,1909f56bfc062723c751e8b465ee728b)
Start importing Assets/Sprites/Idle (5).png using Guid(29a72a36a0044c44b8781e7ebd3ce55f) Importer(815301076,1909f56bfc062723c751e8b465ee728b)  -> (artifact id: '49135a130246fb0be49d337dba1663dc') in 0.018001 seconds 
  Import took 0.022526 seconds .

========================================================================
Received Import Request.
  Time since last request: 0.000236 seconds.
  path: Assets/Sprites/Jump (3).png
  artifactKey: Guid(51ac6be970ea69d4ca17065fd8f4fe8c) Importer(815301076,1909f56bfc062723c751e8b465ee728b)
Start importing Assets/Sprites/Jump (3).png using Guid(51ac6be970ea69d4ca17065fd8f4fe8c) Importer(815301076,1909f56bfc062723c751e8b465ee728b)  -> (artifact id: '1b72c18fcc72fac41622eeaeea93c112') in 0.019088 seconds 
  Import took 0.022470 seconds .

========================================================================
Received Import Request.
  Time since last request: 0.000160 seconds.
  path: Assets/Sprites/Fall (8).png
  artifactKey: Guid(21166c8350b3a614194a75ab32b60f06) Importer(815301076,1909f56bfc062723c751e8b465ee728b)
Start importing Assets/Sprites/Fall (8).png using Guid(21166c8350b3a614194a75ab32b60f06) Importer(815301076,1909f56bfc062723c751e8b465ee728b)  -> (artifact id: 'ab5137acc680654f1dbdcb405cee7469') in 0.013100 seconds 
  Import took 0.016147 seconds .

========================================================================
Received Import Request.
  Time since last request: 0.000158 seconds.
  path: Assets/Sprites/Walk (9).png
  artifactKey: Guid(25bdb7580a122c843a9a9c3d56d04e28) Importer(815301076,1909f56bfc062723c751e8b465ee728b)
Start importing Assets/Sprites/Walk (9).png using Guid(25bdb7580a122c843a9a9c3d56d04e28) Importer(815301076,1909f56bfc062723c751e8b465ee728b)  -> (artifact id: '0408b58c85c43b185bc4e3abef7031e3') in 0.012319 seconds 
  Import took 0.015244 seconds .

========================================================================
Received Import Request.
  Time since last request: 0.000159 seconds.
  path: Assets/Sprites/Idle (8).png
  artifactKey: Guid(18298c3c57a2e144b82f41932b58ab96) Importer(815301076,1909f56bfc062723c751e8b465ee728b)
Start importing Assets/Sprites/Idle (8).png using Guid(18298c3c57a2e144b82f41932b58ab96) Importer(815301076,1909f56bfc062723c751e8b465ee728b)  -> (artifact id: '0d736a4d8c2f6e839e115c929ff9f1d0') in 0.017854 seconds 
  Import took 0.022032 seconds .

========================================================================
Received Import Request.
  Time since last request: 0.000172 seconds.
  path: Assets/Sprites/Hurt (10).png
  artifactKey: Guid(c7ea737037f0dd844b89dc74b33d5bcd) Importer(815301076,1909f56bfc062723c751e8b465ee728b)
Start importing Assets/Sprites/Hurt (10).png using Guid(c7ea737037f0dd844b89dc74b33d5bcd) Importer(815301076,1909f56bfc062723c751e8b465ee728b)  -> (artifact id: 'e71722006ffd8b6ab40a3a4fd6644624') in 0.016673 seconds 
  Import took 0.019721 seconds .

========================================================================
Received Import Request.
  Time since last request: 0.000168 seconds.
  path: Assets/Sprites/Hurt (8).png
  artifactKey: Guid(7b9be6bfefbc9b5439b5d8b124487331) Importer(815301076,1909f56bfc062723c751e8b465ee728b)
Start importing Assets/Sprites/Hurt (8).png using Guid(7b9be6bfefbc9b5439b5d8b124487331) Importer(815301076,1909f56bfc062723c751e8b465ee728b)  -> (artifact id: 'ab19eff8f5f05a602722377f1b81bd02') in 0.019778 seconds 
  Import took 0.022865 seconds .

========================================================================
Received Import Request.
  Time since last request: 0.000157 seconds.
  path: Assets/Sprites/Walk (6).png
  artifactKey: Guid(99268bc54c9e1f74c8e1d91d61389359) Importer(815301076,1909f56bfc062723c751e8b465ee728b)
Start importing Assets/Sprites/Walk (6).png using Guid(99268bc54c9e1f74c8e1d91d61389359) Importer(815301076,1909f56bfc062723c751e8b465ee728b)  -> (artifact id: '762dff82d319ee6002afeb3283cbd454') in 0.021233 seconds 
  Import took 0.024588 seconds .

========================================================================
Received Import Request.
  Time since last request: 0.000170 seconds.
  path: Assets/Sprites/Hurt (6).png
  artifactKey: Guid(01bd14480bde4f54a9242c5ee7953a05) Importer(815301076,1909f56bfc062723c751e8b465ee728b)
Start importing Assets/Sprites/Hurt (6).png using Guid(01bd14480bde4f54a9242c5ee7953a05) Importer(815301076,1909f56bfc062723c751e8b465ee728b)  -> (artifact id: '65ee5e45093fae416c9f2680527c17ab') in 0.015574 seconds 
  Import took 0.018620 seconds .

========================================================================
Received Import Request.
  Time since last request: 0.000160 seconds.
  path: Assets/Sprites/Hurt (1).png
  artifactKey: Guid(bae07e0f096f137448bbff9c84d2176d) Importer(815301076,1909f56bfc062723c751e8b465ee728b)
Start importing Assets/Sprites/Hurt (1).png using Guid(bae07e0f096f137448bbff9c84d2176d) Importer(815301076,1909f56bfc062723c751e8b465ee728b)  -> (artifact id: '79b50fa44d3475460d9bcbf5ca3a016a') in 0.013663 seconds 
  Import took 0.016827 seconds .

========================================================================
Received Import Request.
  Time since last request: 0.000153 seconds.
  path: Assets/Sprites/Fall (6).png
  artifactKey: Guid(5fdb23a17318c334e9b866005026b97f) Importer(815301076,1909f56bfc062723c751e8b465ee728b)
Start importing Assets/Sprites/Fall (6).png using Guid(5fdb23a17318c334e9b866005026b97f) Importer(815301076,1909f56bfc062723c751e8b465ee728b)  -> (artifact id: '2442c4b88ddd413aa9df7ba5b5d9f007') in 0.014380 seconds 
  Import took 0.017703 seconds .

========================================================================
Received Import Request.
  Time since last request: 0.000220 seconds.
  path: Assets/Sprites/Idle (2).png
  artifactKey: Guid(948ef674f805a7f4392eda5b3dd6f6c1) Importer(815301076,1909f56bfc062723c751e8b465ee728b)
Start importing Assets/Sprites/Idle (2).png using Guid(948ef674f805a7f4392eda5b3dd6f6c1) Importer(815301076,1909f56bfc062723c751e8b465ee728b)  -> (artifact id: 'f6e82e28a7734177fc6898246a824977') in 0.017760 seconds 
  Import took 0.021092 seconds .

========================================================================
Received Import Request.
  Time since last request: 0.000203 seconds.
  path: Assets/Sprites/Run (5).png
  artifactKey: Guid(a2a4b89de24f0c144ad0bc126c1c4c6f) Importer(815301076,1909f56bfc062723c751e8b465ee728b)
Start importing Assets/Sprites/Run (5).png using Guid(a2a4b89de24f0c144ad0bc126c1c4c6f) Importer(815301076,1909f56bfc062723c751e8b465ee728b)  -> (artifact id: '7974c983640e4af52a7aae5d84154586') in 0.020215 seconds 
  Import took 0.023593 seconds .

========================================================================
Received Import Request.
  Time since last request: 0.000156 seconds.
  path: Assets/Sprites/Run (8).png
  artifactKey: Guid(3cd4529bacfbc264fa16d8872ee10875) Importer(815301076,1909f56bfc062723c751e8b465ee728b)
Start importing Assets/Sprites/Run (8).png using Guid(3cd4529bacfbc264fa16d8872ee10875) Importer(815301076,1909f56bfc062723c751e8b465ee728b)  -> (artifact id: '35ba95a9440edbc86dc0132a0911aa5b') in 0.013277 seconds 
  Import took 0.016361 seconds .

========================================================================
Received Import Request.
  Time since last request: 0.000165 seconds.
  path: Assets/Sprites/Dead (10).png
  artifactKey: Guid(cbaa06333870d8c439fbca4381c0886a) Importer(815301076,1909f56bfc062723c751e8b465ee728b)
Start importing Assets/Sprites/Dead (10).png using Guid(cbaa06333870d8c439fbca4381c0886a) Importer(815301076,1909f56bfc062723c751e8b465ee728b)  -> (artifact id: '90ed9bd5ef7dc5a0ced157acd9fe6f71') in 0.015533 seconds 
  Import took 0.018697 seconds .

========================================================================
Received Import Request.
  Time since last request: 0.000169 seconds.
  path: Assets/Sprites/Fall (1).png
  artifactKey: Guid(93d473e3625ae3e45a59b68ef4e2b8c2) Importer(815301076,1909f56bfc062723c751e8b465ee728b)
Start importing Assets/Sprites/Fall (1).png using Guid(93d473e3625ae3e45a59b68ef4e2b8c2) Importer(815301076,1909f56bfc062723c751e8b465ee728b)  -> (artifact id: '7650efb487f14b86e8bddc80b40d78bd') in 0.015553 seconds 
  Import took 0.019176 seconds .

========================================================================
Received Import Request.
  Time since last request: 0.000223 seconds.
  path: Assets/Sprites/Jump (5).png
  artifactKey: Guid(8e589556eddc488408e75c995d061eb0) Importer(815301076,1909f56bfc062723c751e8b465ee728b)
Start importing Assets/Sprites/Jump (5).png using Guid(8e589556eddc488408e75c995d061eb0) Importer(815301076,1909f56bfc062723c751e8b465ee728b)  -> (artifact id: '4aa0651d3b436211095c04f5ac697de0') in 0.018503 seconds 
  Import took 0.021847 seconds .

========================================================================
Received Import Request.
  Time since last request: 0.000165 seconds.
  path: Assets/Sprites/Run (1).png
  artifactKey: Guid(e77a93ee734056b4a9b13febb1709a2a) Importer(815301076,1909f56bfc062723c751e8b465ee728b)
Start importing Assets/Sprites/Run (1).png using Guid(e77a93ee734056b4a9b13febb1709a2a) Importer(815301076,1909f56bfc062723c751e8b465ee728b)  -> (artifact id: '01fc28a81b86da73b02aaaeb5f751aa0') in 0.016403 seconds 
  Import took 0.020604 seconds .

========================================================================
Received Import Request.
  Time since last request: 0.000198 seconds.
  path: Assets/Sprites/Slide (5).png
  artifactKey: Guid(4d08e7dcad77487499854f2f29f86b1a) Importer(815301076,1909f56bfc062723c751e8b465ee728b)
Start importing Assets/Sprites/Slide (5).png using Guid(4d08e7dcad77487499854f2f29f86b1a) Importer(815301076,1909f56bfc062723c751e8b465ee728b)  -> (artifact id: 'fa7aa48da1593a3134bdceb2957cfd45') in 0.016690 seconds 
  Import took 0.020029 seconds .

========================================================================
Received Import Request.
  Time since last request: 0.000162 seconds.
  path: Assets/Sprites/Slide (10).png
  artifactKey: Guid(0d9aff6c460b57c4d84f215d3e9e01ba) Importer(815301076,1909f56bfc062723c751e8b465ee728b)
Start importing Assets/Sprites/Slide (10).png using Guid(0d9aff6c460b57c4d84f215d3e9e01ba) Importer(815301076,1909f56bfc062723c751e8b465ee728b)  -> (artifact id: '896c16794bff72da56c6af022b0fb0e7') in 0.013873 seconds 
  Import took 0.017048 seconds .

========================================================================
Received Import Request.
  Time since last request: 0.000197 seconds.
  path: Assets/Sprites/Slide (6).png
  artifactKey: Guid(ea5ac0dcde873424281ce86901f4782c) Importer(815301076,1909f56bfc062723c751e8b465ee728b)
Start importing Assets/Sprites/Slide (6).png using Guid(ea5ac0dcde873424281ce86901f4782c) Importer(815301076,1909f56bfc062723c751e8b465ee728b)  -> (artifact id: '0256c827db73dc9a34b295a9b74fc5b3') in 0.015116 seconds 
  Import took 0.019293 seconds .

========================================================================
Received Import Request.
  Time since last request: 0.000230 seconds.
  path: Assets/Sprites/Slide (4).png
  artifactKey: Guid(95e9c699bfccbc845b295aea1ae5e132) Importer(815301076,1909f56bfc062723c751e8b465ee728b)
Start importing Assets/Sprites/Slide (4).png using Guid(95e9c699bfccbc845b295aea1ae5e132) Importer(815301076,1909f56bfc062723c751e8b465ee728b)  -> (artifact id: 'fb8ca346a909d96f651e0c6cbb28b611') in 0.018468 seconds 
  Import took 0.021803 seconds .

========================================================================
Received Import Request.
  Time since last request: 0.000207 seconds.
  path: Assets/Sprites/Walk (5).png
  artifactKey: Guid(77c2dc1314f5b294e88376ad3d286f80) Importer(815301076,1909f56bfc062723c751e8b465ee728b)
Start importing Assets/Sprites/Walk (5).png using Guid(77c2dc1314f5b294e88376ad3d286f80) Importer(815301076,1909f56bfc062723c751e8b465ee728b)  -> (artifact id: 'c8b05c892820657885c6e32f098fdb89') in 0.016871 seconds 
  Import took 0.020435 seconds .

========================================================================
Received Import Request.
  Time since last request: 0.000218 seconds.
  path: Assets/Sprites/Idle (3).png
  artifactKey: Guid(24077edf982f6ab41b573c8a66ced63e) Importer(815301076,1909f56bfc062723c751e8b465ee728b)
Start importing Assets/Sprites/Idle (3).png using Guid(24077edf982f6ab41b573c8a66ced63e) Importer(815301076,1909f56bfc062723c751e8b465ee728b)  -> (artifact id: '9b2bb0e7ce544df9ed718cc33b6f5b10') in 0.014708 seconds 
  Import took 0.018096 seconds .

========================================================================
Received Import Request.
  Time since last request: 0.000152 seconds.
  path: Assets/Sprites/Idle (6).png
  artifactKey: Guid(8bb470c465dca6f4ea85868a17842603) Importer(815301076,1909f56bfc062723c751e8b465ee728b)
Start importing Assets/Sprites/Idle (6).png using Guid(8bb470c465dca6f4ea85868a17842603) Importer(815301076,1909f56bfc062723c751e8b465ee728b)  -> (artifact id: '403505aa75b3773b43e37cdc698636c6') in 0.013737 seconds 
  Import took 0.017059 seconds .

========================================================================
Received Import Request.
  Time since last request: 0.000176 seconds.
  path: Assets/Sprites/Hurt (5).png
  artifactKey: Guid(8f398ae89b82a1246b3897e60a242b69) Importer(815301076,1909f56bfc062723c751e8b465ee728b)
Start importing Assets/Sprites/Hurt (5).png using Guid(8f398ae89b82a1246b3897e60a242b69) Importer(815301076,1909f56bfc062723c751e8b465ee728b)  -> (artifact id: 'b96871346e1e9bddf438939b73741854') in 0.013322 seconds 
  Import took 0.017426 seconds .

========================================================================
Received Import Request.
  Time since last request: 0.000187 seconds.
  path: Assets/Sprites/Slide (9).png
  artifactKey: Guid(82212c9f92d27d24d93b8850033d9d9d) Importer(815301076,1909f56bfc062723c751e8b465ee728b)
Start importing Assets/Sprites/Slide (9).png using Guid(82212c9f92d27d24d93b8850033d9d9d) Importer(815301076,1909f56bfc062723c751e8b465ee728b)  -> (artifact id: '3acdfb160a4181d35d07228710d321a7') in 0.016170 seconds 
  Import took 0.019611 seconds .

========================================================================
Received Import Request.
  Time since last request: 0.000230 seconds.
  path: Assets/Sprites/Dead (2).png
  artifactKey: Guid(ec24a655376b06b4f8c4044c88e17730) Importer(815301076,1909f56bfc062723c751e8b465ee728b)
Start importing Assets/Sprites/Dead (2).png using Guid(ec24a655376b06b4f8c4044c88e17730) Importer(815301076,1909f56bfc062723c751e8b465ee728b)  -> (artifact id: '4715ebc24014c50a613252f66d2fd52b') in 0.014754 seconds 
  Import took 0.019173 seconds .

========================================================================
Received Import Request.
  Time since last request: 0.000226 seconds.
  path: Assets/Sprites/Dead (4).png
  artifactKey: Guid(1f25944f802b81047a15f82f071d9da9) Importer(815301076,1909f56bfc062723c751e8b465ee728b)
Start importing Assets/Sprites/Dead (4).png using Guid(1f25944f802b81047a15f82f071d9da9) Importer(815301076,1909f56bfc062723c751e8b465ee728b)  -> (artifact id: '8b7b1022fa041c432e0032abb90d4b4b') in 0.019507 seconds 
  Import took 0.023729 seconds .

========================================================================
Received Import Request.
  Time since last request: 0.000196 seconds.
  path: Assets/Sprites/Fall (7).png
  artifactKey: Guid(f5e71513dcf75c746bbe126cfca4542c) Importer(815301076,1909f56bfc062723c751e8b465ee728b)
Start importing Assets/Sprites/Fall (7).png using Guid(f5e71513dcf75c746bbe126cfca4542c) Importer(815301076,1909f56bfc062723c751e8b465ee728b)  -> (artifact id: 'f46db49ca9ffbe58fcf2a749c0e4168e') in 0.015884 seconds 
  Import took 0.019100 seconds .

========================================================================
Received Import Request.
  Time since last request: 0.000191 seconds.
  path: Assets/Sprites/Hurt (9).png
  artifactKey: Guid(ff4410ea7d741664da6083b18d3cb98c) Importer(815301076,1909f56bfc062723c751e8b465ee728b)
Start importing Assets/Sprites/Hurt (9).png using Guid(ff4410ea7d741664da6083b18d3cb98c) Importer(815301076,1909f56bfc062723c751e8b465ee728b)  -> (artifact id: '832c993712f79ac2a3383d707ad506a3') in 0.013653 seconds 
  Import took 0.016793 seconds .

========================================================================
Received Import Request.
  Time since last request: 0.000172 seconds.
  path: Assets/Sprites/Hurt (7).png
  artifactKey: Guid(16025a7e8d2cc6545b35e135769f68c8) Importer(815301076,1909f56bfc062723c751e8b465ee728b)
Start importing Assets/Sprites/Hurt (7).png using Guid(16025a7e8d2cc6545b35e135769f68c8) Importer(815301076,1909f56bfc062723c751e8b465ee728b)  -> (artifact id: '14a357f5de1901d3ea0f4e8128adafcd') in 0.015642 seconds 
  Import took 0.018726 seconds .

========================================================================
Received Import Request.
  Time since last request: 0.000186 seconds.
  path: Assets/Sprites/Idle (10).png
  artifactKey: Guid(5c4d8d232fd1bb04883e62f6cc3adb35) Importer(815301076,1909f56bfc062723c751e8b465ee728b)
Start importing Assets/Sprites/Idle (10).png using Guid(5c4d8d232fd1bb04883e62f6cc3adb35) Importer(815301076,1909f56bfc062723c751e8b465ee728b)  -> (artifact id: '5de7ec4471fecacc1d58e3f3ba71e5ac') in 0.017215 seconds 
  Import took 0.020672 seconds .

========================================================================
Received Import Request.
  Time since last request: 0.000191 seconds.
  path: Assets/Sprites/Idle (7).png
  artifactKey: Guid(be6300f6b16c2b1478f8dc05371a4401) Importer(815301076,1909f56bfc062723c751e8b465ee728b)
Start importing Assets/Sprites/Idle (7).png using Guid(be6300f6b16c2b1478f8dc05371a4401) Importer(815301076,1909f56bfc062723c751e8b465ee728b)  -> (artifact id: '7ade872bc0285ee2ed9a95c732ef009f') in 0.023197 seconds 
  Import took 0.026503 seconds .

========================================================================
Received Import Request.
  Time since last request: 0.000180 seconds.
  path: Assets/Sprites/Walk (1).png
  artifactKey: Guid(32e0b4877b20fc844bc63567d5b436ee) Importer(815301076,1909f56bfc062723c751e8b465ee728b)
Start importing Assets/Sprites/Walk (1).png using Guid(32e0b4877b20fc844bc63567d5b436ee) Importer(815301076,1909f56bfc062723c751e8b465ee728b)  -> (artifact id: '26ed6ca4c20514f4e9ef98353e117d73') in 0.015063 seconds 
  Import took 0.018217 seconds .

========================================================================
Received Import Request.
  Time since last request: 0.000246 seconds.
  path: Assets/Sprites/Jump (7).png
  artifactKey: Guid(8cf8cd1b9cf903342b2e6c54859536fd) Importer(815301076,1909f56bfc062723c751e8b465ee728b)
Start importing Assets/Sprites/Jump (7).png using Guid(8cf8cd1b9cf903342b2e6c54859536fd) Importer(815301076,1909f56bfc062723c751e8b465ee728b)  -> (artifact id: '37d0239306abe4c77576b93ff948a8a5') in 0.014153 seconds 
  Import took 0.017944 seconds .

========================================================================
Received Import Request.
  Time since last request: 0.000195 seconds.
  path: Assets/Sprites/Walk (3).png
  artifactKey: Guid(2d907f477f2ae9d4fb9234d4b81a790e) Importer(815301076,1909f56bfc062723c751e8b465ee728b)
Start importing Assets/Sprites/Walk (3).png using Guid(2d907f477f2ae9d4fb9234d4b81a790e) Importer(815301076,1909f56bfc062723c751e8b465ee728b)  -> (artifact id: 'c3e6c85eea723ef158e0b6061843ed21') in 0.015959 seconds 
  Import took 0.019637 seconds .

========================================================================
Received Import Request.
  Time since last request: 0.000161 seconds.
  path: Assets/Sprites/Fall (4).png
  artifactKey: Guid(1f25926c9a7c8194a856689487a8e7b7) Importer(815301076,1909f56bfc062723c751e8b465ee728b)
Start importing Assets/Sprites/Fall (4).png using Guid(1f25926c9a7c8194a856689487a8e7b7) Importer(815301076,1909f56bfc062723c751e8b465ee728b)  -> (artifact id: '63bccae57e7334064516f6813cb1a6f1') in 0.024977 seconds 
  Import took 0.028108 seconds .

========================================================================
Received Import Request.
  Time since last request: 0.000170 seconds.
  path: Assets/Sprites/Hurt (3).png
  artifactKey: Guid(006301d1d2a616d4fab392ab7d71e7f8) Importer(815301076,1909f56bfc062723c751e8b465ee728b)
Start importing Assets/Sprites/Hurt (3).png using Guid(006301d1d2a616d4fab392ab7d71e7f8) Importer(815301076,1909f56bfc062723c751e8b465ee728b)  -> (artifact id: 'eddfd35946978a4b93aff3dcd66b8851') in 0.013586 seconds 
  Import took 0.016909 seconds .

========================================================================
Received Import Request.
  Time since last request: 0.000211 seconds.
  path: Assets/Sprites/Run (7).png
  artifactKey: Guid(111ce854626bc2a46b4063d5b1d7f660) Importer(815301076,1909f56bfc062723c751e8b465ee728b)
Start importing Assets/Sprites/Run (7).png using Guid(111ce854626bc2a46b4063d5b1d7f660) Importer(815301076,1909f56bfc062723c751e8b465ee728b)  -> (artifact id: 'e3638954d593378aa2b92900a3efdf50') in 0.012374 seconds 
  Import took 0.015514 seconds .

========================================================================
Received Import Request.
  Time since last request: 0.000171 seconds.
  path: Assets/Sprites/Run (4).png
  artifactKey: Guid(b3837cce3a17bef4fb5bac556bf17b68) Importer(815301076,1909f56bfc062723c751e8b465ee728b)
Start importing Assets/Sprites/Run (4).png using Guid(b3837cce3a17bef4fb5bac556bf17b68) Importer(815301076,1909f56bfc062723c751e8b465ee728b)  -> (artifact id: '297b0235e0b8319c03c3cad2ebca9405') in 0.013654 seconds 
  Import took 0.016511 seconds .

========================================================================
Received Import Request.
  Time since last request: 0.000209 seconds.
  path: Assets/Sprites/Dead (5).png
  artifactKey: Guid(668bc3fc62a236c40a389ec0bb3fbe9a) Importer(815301076,1909f56bfc062723c751e8b465ee728b)
Start importing Assets/Sprites/Dead (5).png using Guid(668bc3fc62a236c40a389ec0bb3fbe9a) Importer(815301076,1909f56bfc062723c751e8b465ee728b)  -> (artifact id: 'f3b51cb7b3ce650c4a35b7edd9576092') in 0.011809 seconds 
  Import took 0.014591 seconds .

========================================================================
Received Import Request.
  Time since last request: 0.000250 seconds.
  path: Assets/Sprites/Jump (8).png
  artifactKey: Guid(65961f45974957d42b9a08a9ba01e586) Importer(815301076,1909f56bfc062723c751e8b465ee728b)
Start importing Assets/Sprites/Jump (8).png using Guid(65961f45974957d42b9a08a9ba01e586) Importer(815301076,1909f56bfc062723c751e8b465ee728b)  -> (artifact id: 'a67e3f514ead910e5a63bc40b94d8f26') in 0.011809 seconds 
  Import took 0.015166 seconds .

========================================================================
Received Import Request.
  Time since last request: 0.000205 seconds.
  path: Assets/Sprites/Fall (5).png
  artifactKey: Guid(7639d2f5c0345494b8bf603074052043) Importer(815301076,1909f56bfc062723c751e8b465ee728b)
Start importing Assets/Sprites/Fall (5).png using Guid(7639d2f5c0345494b8bf603074052043) Importer(815301076,1909f56bfc062723c751e8b465ee728b)  -> (artifact id: '2b17ebcb4757147c7af0f858511beb09') in 0.013307 seconds 
  Import took 0.016247 seconds .

========================================================================
Received Import Request.
  Time since last request: 0.000142 seconds.
  path: Assets/Sprites/Jump (6).png
  artifactKey: Guid(fea009b71f9106b418a9131f2e25e993) Importer(815301076,1909f56bfc062723c751e8b465ee728b)
Start importing Assets/Sprites/Jump (6).png using Guid(fea009b71f9106b418a9131f2e25e993) Importer(815301076,1909f56bfc062723c751e8b465ee728b)  -> (artifact id: '4338b5a30870777a07c8d8a9812a18aa') in 0.014285 seconds 
  Import took 0.017320 seconds .

========================================================================
Received Import Request.
  Time since last request: 0.000213 seconds.
  path: Assets/Sprites/Slide (2).png
  artifactKey: Guid(b649130707734b94bb35e69776327347) Importer(815301076,1909f56bfc062723c751e8b465ee728b)
Start importing Assets/Sprites/Slide (2).png using Guid(b649130707734b94bb35e69776327347) Importer(815301076,1909f56bfc062723c751e8b465ee728b)  -> (artifact id: '37f30b1a5c66565b43a5d694786dda52') in 0.014437 seconds 
  Import took 0.018312 seconds .

========================================================================
Received Import Request.
  Time since last request: 0.000197 seconds.
  path: Assets/Sprites/Run (2).png
  artifactKey: Guid(2cae825efa355b440932e88a59fdf72a) Importer(815301076,1909f56bfc062723c751e8b465ee728b)
Start importing Assets/Sprites/Run (2).png using Guid(2cae825efa355b440932e88a59fdf72a) Importer(815301076,1909f56bfc062723c751e8b465ee728b)  -> (artifact id: '70eef2191faaec0bccdf34e029a7adeb') in 0.014203 seconds 
  Import took 0.018005 seconds .

========================================================================
Received Import Request.
  Time since last request: 0.000267 seconds.
  path: Assets/Sprites/Run (3).png
  artifactKey: Guid(ba9ce0a0b7cb2694aa231833d9ce4af9) Importer(815301076,1909f56bfc062723c751e8b465ee728b)
Start importing Assets/Sprites/Run (3).png using Guid(ba9ce0a0b7cb2694aa231833d9ce4af9) Importer(815301076,1909f56bfc062723c751e8b465ee728b)  -> (artifact id: '2beb827974101f2af24cb64979f4b2fd') in 0.016797 seconds 
  Import took 0.020048 seconds .

========================================================================
Received Import Request.
  Time since last request: 0.000230 seconds.
  path: Assets/Sprites/Idle (4).png
  artifactKey: Guid(a028f765821c10544bf81ee3cfaf27a5) Importer(815301076,1909f56bfc062723c751e8b465ee728b)
Start importing Assets/Sprites/Idle (4).png using Guid(a028f765821c10544bf81ee3cfaf27a5) Importer(815301076,1909f56bfc062723c751e8b465ee728b)  -> (artifact id: 'a2abefdfe3baffbf9753817f1caac7a5') in 0.015275 seconds 
  Import took 0.018081 seconds .

========================================================================
Received Import Request.
  Time since last request: 0.000164 seconds.
  path: Assets/Sprites/Slide (1).png
  artifactKey: Guid(1013b901bd8660947bf72c60a6fc3544) Importer(815301076,1909f56bfc062723c751e8b465ee728b)
Start importing Assets/Sprites/Slide (1).png using Guid(1013b901bd8660947bf72c60a6fc3544) Importer(815301076,1909f56bfc062723c751e8b465ee728b)  -> (artifact id: '13ae088850114d3c6053cc7456f76f20') in 0.012342 seconds 
  Import took 0.015414 seconds .

========================================================================
Received Import Request.
  Time since last request: 0.000177 seconds.
  path: Assets/Sprites/Jump (4).png
  artifactKey: Guid(adff1679bb79f3846891a17f8ccd787b) Importer(815301076,1909f56bfc062723c751e8b465ee728b)
Start importing Assets/Sprites/Jump (4).png using Guid(adff1679bb79f3846891a17f8ccd787b) Importer(815301076,1909f56bfc062723c751e8b465ee728b)  -> (artifact id: '17d99d3e1f4041ac812867e6af08602d') in 0.013022 seconds 
  Import took 0.015817 seconds .

========================================================================
Received Import Request.
  Time since last request: 0.000158 seconds.
  path: Assets/Sprites/Slide (7).png
  artifactKey: Guid(b4eef44635e31c34185b764b6f456d3c) Importer(815301076,1909f56bfc062723c751e8b465ee728b)
Start importing Assets/Sprites/Slide (7).png using Guid(b4eef44635e31c34185b764b6f456d3c) Importer(815301076,1909f56bfc062723c751e8b465ee728b)  -> (artifact id: '2ad01ff38a3d1cd8fb191839d196bd3f') in 0.013958 seconds 
  Import took 0.016792 seconds .

========================================================================
Received Import Request.
  Time since last request: 0.000209 seconds.
  path: Assets/Sprites/Hurt (4).png
  artifactKey: Guid(49ced6f4f10699344a6d80b499197d32) Importer(815301076,1909f56bfc062723c751e8b465ee728b)
Start importing Assets/Sprites/Hurt (4).png using Guid(49ced6f4f10699344a6d80b499197d32) Importer(815301076,1909f56bfc062723c751e8b465ee728b)  -> (artifact id: 'f4b117946488c77aecd5e23bb254e445') in 0.015853 seconds 
  Import took 0.019116 seconds .

========================================================================
Received Import Request.
  Time since last request: 0.000252 seconds.
  path: Assets/Sprites/Fall (3).png
  artifactKey: Guid(14a1a067d82f6164991994a3f1234f28) Importer(815301076,1909f56bfc062723c751e8b465ee728b)
Start importing Assets/Sprites/Fall (3).png using Guid(14a1a067d82f6164991994a3f1234f28) Importer(815301076,1909f56bfc062723c751e8b465ee728b)  -> (artifact id: '4db77352cf1e5d5c1514a584959e3c8c') in 0.020690 seconds 
  Import took 0.024930 seconds .

========================================================================
Received Import Request.
  Time since last request: 0.000194 seconds.
  path: Assets/Sprites/Dead (8).png
  artifactKey: Guid(f99f0b8a30731af4689879c7ef6230d1) Importer(815301076,1909f56bfc062723c751e8b465ee728b)
Start importing Assets/Sprites/Dead (8).png using Guid(f99f0b8a30731af4689879c7ef6230d1) Importer(815301076,1909f56bfc062723c751e8b465ee728b)  -> (artifact id: '0687e51055d40ec8c72ee58fc7fb55d2') in 0.014580 seconds 
  Import took 0.017889 seconds .

========================================================================
Received Import Request.
  Time since last request: 0.000172 seconds.
  path: Assets/Sprites/Idle (9).png
  artifactKey: Guid(3e93a90c3e8499544bb2f6f4106b9a48) Importer(815301076,1909f56bfc062723c751e8b465ee728b)
Start importing Assets/Sprites/Idle (9).png using Guid(3e93a90c3e8499544bb2f6f4106b9a48) Importer(815301076,1909f56bfc062723c751e8b465ee728b)  -> (artifact id: 'ca8e882d69d7dd6bd2ca02c98f07e283') in 0.015131 seconds 
  Import took 0.018399 seconds .

========================================================================
Received Import Request.
  Time since last request: 0.000195 seconds.
  path: Assets/Sprites/Jump (2).png
  artifactKey: Guid(06a144351435d5043b33970091e0a3d3) Importer(815301076,1909f56bfc062723c751e8b465ee728b)
Start importing Assets/Sprites/Jump (2).png using Guid(06a144351435d5043b33970091e0a3d3) Importer(815301076,1909f56bfc062723c751e8b465ee728b)  -> (artifact id: 'b79c8a198629dd86f4bb69c30553725c') in 0.015180 seconds 
  Import took 0.019095 seconds .

========================================================================
Received Import Request.
  Time since last request: 0.000208 seconds.
  path: Assets/Sprites/Slide (3).png
  artifactKey: Guid(59cdb1e92dc17434fb72de4d84fc06b4) Importer(815301076,1909f56bfc062723c751e8b465ee728b)
Start importing Assets/Sprites/Slide (3).png using Guid(59cdb1e92dc17434fb72de4d84fc06b4) Importer(815301076,1909f56bfc062723c751e8b465ee728b)  -> (artifact id: '94f88243ee26a3f9afaaed3fa2611ed8') in 0.016367 seconds 
  Import took 0.021213 seconds .

========================================================================
Received Import Request.
  Time since last request: 0.000202 seconds.
  path: Assets/Sprites/Walk (7).png
  artifactKey: Guid(be20241ac946a0b4192d0ae4b96decf1) Importer(815301076,1909f56bfc062723c751e8b465ee728b)
Start importing Assets/Sprites/Walk (7).png using Guid(be20241ac946a0b4192d0ae4b96decf1) Importer(815301076,1909f56bfc062723c751e8b465ee728b)  -> (artifact id: '6c92169fe3a49ce7a51635982afa1810') in 0.019351 seconds 
  Import took 0.024831 seconds .

========================================================================
Received Import Request.
  Time since last request: 0.000260 seconds.
  path: Assets/Sprites/Slide (8).png
  artifactKey: Guid(1f9882770bcd5594cb0f1126906b8793) Importer(815301076,1909f56bfc062723c751e8b465ee728b)
Start importing Assets/Sprites/Slide (8).png using Guid(1f9882770bcd5594cb0f1126906b8793) Importer(815301076,1909f56bfc062723c751e8b465ee728b)  -> (artifact id: 'bcbf2dafcc7cf9242cc0e33a376fd7ec') in 0.021417 seconds 
  Import took 0.025473 seconds .

========================================================================
Received Import Request.
  Time since last request: 0.000178 seconds.
  path: Assets/Sprites/Dead (3).png
  artifactKey: Guid(9e3b1e380d93e084bbabeff4e9373f17) Importer(815301076,1909f56bfc062723c751e8b465ee728b)
Start importing Assets/Sprites/Dead (3).png using Guid(9e3b1e380d93e084bbabeff4e9373f17) Importer(815301076,1909f56bfc062723c751e8b465ee728b)  -> (artifact id: 'ef58a68fed396f16c906990956e78293') in 0.022981 seconds 
  Import took 0.027170 seconds .

========================================================================
Received Import Request.
  Time since last request: 0.000196 seconds.
  path: Assets/Sprites/Walk (10).png
  artifactKey: Guid(46bb467028ad7c947b8e6881a2b22d01) Importer(815301076,1909f56bfc062723c751e8b465ee728b)
Start importing Assets/Sprites/Walk (10).png using Guid(46bb467028ad7c947b8e6881a2b22d01) Importer(815301076,1909f56bfc062723c751e8b465ee728b)  -> (artifact id: '09cf208822c61369759770308ad10443') in 0.023803 seconds 
  Import took 0.027838 seconds .

========================================================================
Received Import Request.
  Time since last request: 0.000182 seconds.
  path: Assets/Sprites/Idle (1).png
  artifactKey: Guid(72464d23700944740b6736eeae68974d) Importer(815301076,1909f56bfc062723c751e8b465ee728b)
Start importing Assets/Sprites/Idle (1).png using Guid(72464d23700944740b6736eeae68974d) Importer(815301076,1909f56bfc062723c751e8b465ee728b)  -> (artifact id: '209b758f4c713b54724a0194ceb56e48') in 0.020972 seconds 
  Import took 0.025511 seconds .

========================================================================
Received Import Request.
  Time since last request: 0.000201 seconds.
  path: Assets/Sprites/Jump (1).png
  artifactKey: Guid(9ee666eae7ab61542ae6c4fd60de61a7) Importer(815301076,1909f56bfc062723c751e8b465ee728b)
Start importing Assets/Sprites/Jump (1).png using Guid(9ee666eae7ab61542ae6c4fd60de61a7) Importer(815301076,1909f56bfc062723c751e8b465ee728b)  -> (artifact id: '92f3db11e88accd4c1f08a50e70cd746') in 0.020535 seconds 
  Import took 0.024510 seconds .

========================================================================
Received Import Request.
  Time since last request: 0.000252 seconds.
  path: Assets/Sprites/Dead (9).png
  artifactKey: Guid(bb142e7e6eb8d8c40aec6dd1146443e2) Importer(815301076,1909f56bfc062723c751e8b465ee728b)
Start importing Assets/Sprites/Dead (9).png using Guid(bb142e7e6eb8d8c40aec6dd1146443e2) Importer(815301076,1909f56bfc062723c751e8b465ee728b)  -> (artifact id: '1e63b58d623f2462b08b8a66107809b7') in 0.018369 seconds 
  Import took 0.023072 seconds .

========================================================================
Received Import Request.
  Time since last request: 0.000179 seconds.
  path: Assets/Sprites/Dead (7).png
  artifactKey: Guid(9770143cec4667c47be46218cb0af96b) Importer(815301076,1909f56bfc062723c751e8b465ee728b)
Start importing Assets/Sprites/Dead (7).png using Guid(9770143cec4667c47be46218cb0af96b) Importer(815301076,1909f56bfc062723c751e8b465ee728b)  -> (artifact id: 'ee26ee7155610d21acc3ac405c5168dc') in 0.012302 seconds 
  Import took 0.015680 seconds .

========================================================================
Received Import Request.
  Time since last request: 0.000224 seconds.
  path: Assets/Sprites/Hurt (2).png
  artifactKey: Guid(cc9b427891e1ce64fb578d59f843c277) Importer(815301076,1909f56bfc062723c751e8b465ee728b)
Start importing Assets/Sprites/Hurt (2).png using Guid(cc9b427891e1ce64fb578d59f843c277) Importer(815301076,1909f56bfc062723c751e8b465ee728b)  -> (artifact id: '1f941458c540c9aead4db3d4b16daa9c') in 0.018257 seconds 
  Import took 0.022175 seconds .

========================================================================
Received Import Request.
  Time since last request: 0.000184 seconds.
  path: Assets/Sprites/Walk (2).png
  artifactKey: Guid(295d7c4df684fb64f9f2fbf3cb6a12c6) Importer(815301076,1909f56bfc062723c751e8b465ee728b)
Start importing Assets/Sprites/Walk (2).png using Guid(295d7c4df684fb64f9f2fbf3cb6a12c6) Importer(815301076,1909f56bfc062723c751e8b465ee728b)  -> (artifact id: 'bb22b382766e6cb2d3cf5c0ba840855b') in 0.013994 seconds 
  Import took 0.017250 seconds .

========================================================================
Received Import Request.
  Time since last request: 0.000169 seconds.
  path: Assets/Sprites/Fall (2).png
  artifactKey: Guid(00df0351b43616c439c4e5864aaf1164) Importer(815301076,1909f56bfc062723c751e8b465ee728b)
Start importing Assets/Sprites/Fall (2).png using Guid(00df0351b43616c439c4e5864aaf1164) Importer(815301076,1909f56bfc062723c751e8b465ee728b)  -> (artifact id: 'a6487180eeac5b252bece88698168e49') in 0.014504 seconds 
  Import took 0.017663 seconds .

========================================================================
Received Prepare
Registering precompiled user dll's ...
Registered in 0.004003 seconds.
Begin MonoManager ReloadAssembly
Native extension for WindowsStandalone target not found
Refreshing native plugins compatible for Editor in 0.47 ms, found 3 plugins.
Preloading 0 native plugins for Editor in 0.00 ms.
Mono: successfully reloaded assembly
- Completed reload, in  9.538 seconds
Domain Reload Profiling:
	ReloadAssembly (9538ms)
		BeginReloadAssembly (6671ms)
			ExecutionOrderSort (0ms)
			DisableScriptedObjects (5ms)
			BackupInstance (0ms)
			ReleaseScriptingObjects (0ms)
			CreateAndSetChildDomain (32ms)
		EndReloadAssembly (2772ms)
			LoadAssemblies (4014ms)
			RebuildTransferFunctionScriptingTraits (0ms)
			SetupTypeCache (1711ms)
			ReleaseScriptCaches (1ms)
			RebuildScriptCaches (39ms)
			SetupLoadedEditorAssemblies (653ms)
				LogAssemblyErrors (0ms)
				InitializePlatformSupportModulesInManaged (61ms)
				SetLoadedEditorAssemblies (0ms)
				RefreshPlugins (1ms)
				BeforeProcessingInitializeOnLoad (51ms)
				ProcessInitializeOnLoadAttributes (533ms)
				ProcessInitializeOnLoadMethodAttributes (5ms)
				AfterProcessingInitializeOnLoad (2ms)
				EditorAssembliesLoaded (0ms)
			ExecutionOrderSort2 (0ms)
			AwakeInstancesAfterBackupRestoration (10ms)
Platform modules already initialized, skipping
Refreshing native plugins compatible for Editor in 0.43 ms, found 3 plugins.
Preloading 0 native plugins for Editor in 0.00 ms.
Unloading 2082 Unused Serialized files (Serialized files now loaded: 0)
System memory in use before: 95.5 MB.
System memory in use after: 95.6 MB.

Unloading 16 unused Assets to reduce memory usage. Loaded Objects now: 2540.
Total: 2.850800 ms (FindLiveObjects: 0.173900 ms CreateObjectMapping: 0.074500 ms MarkObjects: 2.584200 ms  DeleteObjects: 0.017400 ms)

AssetImportParameters requested are different than current active one (requested -> active):
  custom:framework-win-MediaFoundation: 216162199b28c13a410421893ffa2e32 -> 
  custom:video-decoder-ogg-theora: a1e56fd34408186e4bbccfd4996cb3dc -> 
  custom:container-muxer-webm: aa71ff27fc2769a1b78a27578f13a17b -> 
  custom:container-demuxer-webm: 4f35f7cbe854078d1ac9338744f61a02 -> 
  custom:container-demuxer-ogg: 62fdf1f143b41e24485cea50d1cbac27 -> 
  custom:video-encoder-webm-vp8: eb34c28f22e8b96e1ab97ce403110664 -> 
  custom:video-decoder-webm-vp8: 9c59270c3fd7afecdb556c50c9e8de78 -> 
  custom:audio-decoder-ogg-vorbis: bf7c407c2cedff20999df2af8eb42d56 -> 
  custom:audio-encoder-webm-vorbis: bf7c407c2cedff20999df2af8eb42d56 -> 
========================================================================
Received Prepare
Registering precompiled user dll's ...
Registered in 0.004028 seconds.
Begin MonoManager ReloadAssembly
Native extension for WindowsStandalone target not found
Refreshing native plugins compatible for Editor in 0.46 ms, found 3 plugins.
Preloading 0 native plugins for Editor in 0.00 ms.
Mono: successfully reloaded assembly
- Completed reload, in  0.952 seconds
Domain Reload Profiling:
	ReloadAssembly (952ms)
		BeginReloadAssembly (91ms)
			ExecutionOrderSort (0ms)
			DisableScriptedObjects (6ms)
			BackupInstance (0ms)
			ReleaseScriptingObjects (0ms)
			CreateAndSetChildDomain (30ms)
		EndReloadAssembly (803ms)
			LoadAssemblies (79ms)
			RebuildTransferFunctionScriptingTraits (0ms)
			SetupTypeCache (280ms)
			ReleaseScriptCaches (1ms)
			RebuildScriptCaches (39ms)
			SetupLoadedEditorAssemblies (307ms)
				LogAssemblyErrors (0ms)
				InitializePlatformSupportModulesInManaged (4ms)
				SetLoadedEditorAssemblies (0ms)
				RefreshPlugins (1ms)
				BeforeProcessingInitializeOnLoad (51ms)
				ProcessInitializeOnLoadAttributes (243ms)
				ProcessInitializeOnLoadMethodAttributes (5ms)
				AfterProcessingInitializeOnLoad (2ms)
				EditorAssembliesLoaded (0ms)
			ExecutionOrderSort2 (0ms)
			AwakeInstancesAfterBackupRestoration (9ms)
Platform modules already initialized, skipping
Refreshing native plugins compatible for Editor in 0.48 ms, found 3 plugins.
Preloading 0 native plugins for Editor in 0.00 ms.
Unloading 2083 Unused Serialized files (Serialized files now loaded: 0)
System memory in use before: 95.5 MB.
System memory in use after: 95.7 MB.

Unloading 16 unused Assets to reduce memory usage. Loaded Objects now: 2544.
Total: 3.095900 ms (FindLiveObjects: 0.275200 ms CreateObjectMapping: 0.088200 ms MarkObjects: 2.710400 ms  DeleteObjects: 0.020400 ms)

AssetImportParameters requested are different than current active one (requested -> active):
  custom:framework-win-MediaFoundation: 216162199b28c13a410421893ffa2e32 -> 
  custom:video-decoder-ogg-theora: a1e56fd34408186e4bbccfd4996cb3dc -> 
  custom:container-muxer-webm: aa71ff27fc2769a1b78a27578f13a17b -> 
  custom:container-demuxer-webm: 4f35f7cbe854078d1ac9338744f61a02 -> 
  custom:container-demuxer-ogg: 62fdf1f143b41e24485cea50d1cbac27 -> 
  custom:video-encoder-webm-vp8: eb34c28f22e8b96e1ab97ce403110664 -> 
  custom:video-decoder-webm-vp8: 9c59270c3fd7afecdb556c50c9e8de78 -> 
  custom:audio-decoder-ogg-vorbis: bf7c407c2cedff20999df2af8eb42d56 -> 
  custom:audio-encoder-webm-vorbis: bf7c407c2cedff20999df2af8eb42d56 -> 
========================================================================
Received Prepare
Registering precompiled user dll's ...
Registered in 0.003781 seconds.
Begin MonoManager ReloadAssembly
Native extension for WindowsStandalone target not found
Refreshing native plugins compatible for Editor in 0.79 ms, found 3 plugins.
Preloading 0 native plugins for Editor in 0.00 ms.
Mono: successfully reloaded assembly
- Completed reload, in  0.932 seconds
Domain Reload Profiling:
	ReloadAssembly (932ms)
		BeginReloadAssembly (92ms)
			ExecutionOrderSort (0ms)
			DisableScriptedObjects (6ms)
			BackupInstance (0ms)
			ReleaseScriptingObjects (0ms)
			CreateAndSetChildDomain (31ms)
		EndReloadAssembly (790ms)
			LoadAssemblies (75ms)
			RebuildTransferFunctionScriptingTraits (0ms)
			SetupTypeCache (243ms)
			ReleaseScriptCaches (1ms)
			RebuildScriptCaches (37ms)
			SetupLoadedEditorAssemblies (338ms)
				LogAssemblyErrors (0ms)
				InitializePlatformSupportModulesInManaged (5ms)
				SetLoadedEditorAssemblies (1ms)
				RefreshPlugins (1ms)
				BeforeProcessingInitializeOnLoad (56ms)
				ProcessInitializeOnLoadAttributes (268ms)
				ProcessInitializeOnLoadMethodAttributes (5ms)
				AfterProcessingInitializeOnLoad (3ms)
				EditorAssembliesLoaded (0ms)
			ExecutionOrderSort2 (0ms)
			AwakeInstancesAfterBackupRestoration (9ms)
Platform modules already initialized, skipping
Refreshing native plugins compatible for Editor in 0.52 ms, found 3 plugins.
Preloading 0 native plugins for Editor in 0.00 ms.
Unloading 2083 Unused Serialized files (Serialized files now loaded: 0)
System memory in use before: 95.6 MB.
System memory in use after: 95.7 MB.

Unloading 16 unused Assets to reduce memory usage. Loaded Objects now: 2547.
Total: 2.703700 ms (FindLiveObjects: 0.208000 ms CreateObjectMapping: 0.086600 ms MarkObjects: 2.394300 ms  DeleteObjects: 0.014000 ms)

AssetImportParameters requested are different than current active one (requested -> active):
  custom:framework-win-MediaFoundation: 216162199b28c13a410421893ffa2e32 -> 
  custom:video-decoder-ogg-theora: a1e56fd34408186e4bbccfd4996cb3dc -> 
  custom:container-muxer-webm: aa71ff27fc2769a1b78a27578f13a17b -> 
  custom:container-demuxer-webm: 4f35f7cbe854078d1ac9338744f61a02 -> 
  custom:container-demuxer-ogg: 62fdf1f143b41e24485cea50d1cbac27 -> 
  custom:video-encoder-webm-vp8: eb34c28f22e8b96e1ab97ce403110664 -> 
  custom:video-decoder-webm-vp8: 9c59270c3fd7afecdb556c50c9e8de78 -> 
  custom:audio-decoder-ogg-vorbis: bf7c407c2cedff20999df2af8eb42d56 -> 
  custom:audio-encoder-webm-vorbis: bf7c407c2cedff20999df2af8eb42d56 -> 
========================================================================
Received Import Request.
  Time since last request: 357.388750 seconds.
  path: Assets/CatController.cs
  artifactKey: Guid(d641612de9bc16540add9ade0533a5c2) Importer(815301076,1909f56bfc062723c751e8b465ee728b)
Start importing Assets/CatController.cs using Guid(d641612de9bc16540add9ade0533a5c2) Importer(815301076,1909f56bfc062723c751e8b465ee728b)  -> (artifact id: 'c57dc7c6fda0f874e7d9a4daf671c3a0') in 0.014060 seconds 
  Import took 0.017156 seconds .

========================================================================
Received Import Request.
  Time since last request: 0.017974 seconds.
  path: Assets/CatController.cs
  artifactKey: Guid(d641612de9bc16540add9ade0533a5c2) Importer(815301076,1909f56bfc062723c751e8b465ee728b)
Start importing Assets/CatController.cs using Guid(d641612de9bc16540add9ade0533a5c2) Importer(815301076,1909f56bfc062723c751e8b465ee728b)  -> (artifact id: 'c57dc7c6fda0f874e7d9a4daf671c3a0') in 0.001926 seconds 
  Import took 0.005011 seconds .

========================================================================
Received Prepare
Registering precompiled user dll's ...
Registered in 0.004044 seconds.
Begin MonoManager ReloadAssembly
Native extension for WindowsStandalone target not found
Refreshing native plugins compatible for Editor in 0.46 ms, found 3 plugins.
Preloading 0 native plugins for Editor in 0.00 ms.
Mono: successfully reloaded assembly
- Completed reload, in  0.931 seconds
Domain Reload Profiling:
	ReloadAssembly (931ms)
		BeginReloadAssembly (92ms)
			ExecutionOrderSort (0ms)
			DisableScriptedObjects (6ms)
			BackupInstance (0ms)
			ReleaseScriptingObjects (0ms)
			CreateAndSetChildDomain (30ms)
		EndReloadAssembly (789ms)
			LoadAssemblies (74ms)
			RebuildTransferFunctionScriptingTraits (0ms)
			SetupTypeCache (242ms)
			ReleaseScriptCaches (1ms)
			RebuildScriptCaches (38ms)
			SetupLoadedEditorAssemblies (340ms)
				LogAssemblyErrors (0ms)
				InitializePlatformSupportModulesInManaged (4ms)
				SetLoadedEditorAssemblies (0ms)
				RefreshPlugins (1ms)
				BeforeProcessingInitializeOnLoad (55ms)
				ProcessInitializeOnLoadAttributes (273ms)
				ProcessInitializeOnLoadMethodAttributes (6ms)
				AfterProcessingInitializeOnLoad (2ms)
				EditorAssembliesLoaded (0ms)
			ExecutionOrderSort2 (0ms)
			AwakeInstancesAfterBackupRestoration (10ms)
Platform modules already initialized, skipping
Refreshing native plugins compatible for Editor in 0.45 ms, found 3 plugins.
Preloading 0 native plugins for Editor in 0.00 ms.
Unloading 2083 Unused Serialized files (Serialized files now loaded: 0)
System memory in use before: 95.6 MB.
System memory in use after: 95.7 MB.

Unloading 16 unused Assets to reduce memory usage. Loaded Objects now: 2550.
Total: 2.707800 ms (FindLiveObjects: 0.201400 ms CreateObjectMapping: 0.092300 ms MarkObjects: 2.398700 ms  DeleteObjects: 0.014600 ms)

AssetImportParameters requested are different than current active one (requested -> active):
  custom:framework-win-MediaFoundation: 216162199b28c13a410421893ffa2e32 -> 
  custom:video-decoder-ogg-theora: a1e56fd34408186e4bbccfd4996cb3dc -> 
  custom:container-muxer-webm: aa71ff27fc2769a1b78a27578f13a17b -> 
  custom:container-demuxer-webm: 4f35f7cbe854078d1ac9338744f61a02 -> 
  custom:container-demuxer-ogg: 62fdf1f143b41e24485cea50d1cbac27 -> 
  custom:video-encoder-webm-vp8: eb34c28f22e8b96e1ab97ce403110664 -> 
  custom:video-decoder-webm-vp8: 9c59270c3fd7afecdb556c50c9e8de78 -> 
  custom:audio-decoder-ogg-vorbis: bf7c407c2cedff20999df2af8eb42d56 -> 
  custom:audio-encoder-webm-vorbis: bf7c407c2cedff20999df2af8eb42d56 -> 
========================================================================
Received Import Request.
  Time since last request: 142.196514 seconds.
  path: Assets/Animations/Idle (1).controller
  artifactKey: Guid(5c946418bff22fb409bda47606a5dc17) Importer(815301076,1909f56bfc062723c751e8b465ee728b)
Start importing Assets/Animations/Idle (1).controller using Guid(5c946418bff22fb409bda47606a5dc17) Importer(815301076,1909f56bfc062723c751e8b465ee728b)  -> (artifact id: 'e362ab99e8c2d74532099e0c2a564255') in 0.017879 seconds 
  Import took 0.021342 seconds .

========================================================================
Received Import Request.
  Time since last request: 0.077241 seconds.
  path: Assets/Animations/Idle (1).controller
  artifactKey: Guid(5c946418bff22fb409bda47606a5dc17) Importer(815301076,1909f56bfc062723c751e8b465ee728b)
Start importing Assets/Animations/Idle (1).controller using Guid(5c946418bff22fb409bda47606a5dc17) Importer(815301076,1909f56bfc062723c751e8b465ee728b)  -> (artifact id: 'e362ab99e8c2d74532099e0c2a564255') in 0.002272 seconds 
  Import took 0.005414 seconds .

========================================================================
Received Prepare
Registering precompiled user dll's ...
Registered in 0.003886 seconds.
Begin MonoManager ReloadAssembly
Native extension for WindowsStandalone target not found
Refreshing native plugins compatible for Editor in 0.46 ms, found 3 plugins.
Preloading 0 native plugins for Editor in 0.00 ms.
Mono: successfully reloaded assembly
- Completed reload, in  0.959 seconds
Domain Reload Profiling:
	ReloadAssembly (960ms)
		BeginReloadAssembly (95ms)
			ExecutionOrderSort (0ms)
			DisableScriptedObjects (6ms)
			BackupInstance (0ms)
			ReleaseScriptingObjects (0ms)
			CreateAndSetChildDomain (32ms)
		EndReloadAssembly (810ms)
			LoadAssemblies (76ms)
			RebuildTransferFunctionScriptingTraits (0ms)
			SetupTypeCache (242ms)
			ReleaseScriptCaches (1ms)
			RebuildScriptCaches (37ms)
			SetupLoadedEditorAssemblies (358ms)
				LogAssemblyErrors (0ms)
				InitializePlatformSupportModulesInManaged (4ms)
				SetLoadedEditorAssemblies (0ms)
				RefreshPlugins (1ms)
				BeforeProcessingInitializeOnLoad (51ms)
				ProcessInitializeOnLoadAttributes (293ms)
				ProcessInitializeOnLoadMethodAttributes (6ms)
				AfterProcessingInitializeOnLoad (2ms)
				EditorAssembliesLoaded (0ms)
			ExecutionOrderSort2 (0ms)
			AwakeInstancesAfterBackupRestoration (10ms)
Platform modules already initialized, skipping
Refreshing native plugins compatible for Editor in 0.46 ms, found 3 plugins.
Preloading 0 native plugins for Editor in 0.00 ms.
Unloading 2083 Unused Serialized files (Serialized files now loaded: 0)
System memory in use before: 95.6 MB.
System memory in use after: 95.7 MB.

Unloading 16 unused Assets to reduce memory usage. Loaded Objects now: 2553.
Total: 2.779400 ms (FindLiveObjects: 0.205700 ms CreateObjectMapping: 0.083600 ms MarkObjects: 2.473400 ms  DeleteObjects: 0.015400 ms)

AssetImportParameters requested are different than current active one (requested -> active):
  custom:framework-win-MediaFoundation: 216162199b28c13a410421893ffa2e32 -> 
  custom:video-decoder-ogg-theora: a1e56fd34408186e4bbccfd4996cb3dc -> 
  custom:container-muxer-webm: aa71ff27fc2769a1b78a27578f13a17b -> 
  custom:container-demuxer-webm: 4f35f7cbe854078d1ac9338744f61a02 -> 
  custom:container-demuxer-ogg: 62fdf1f143b41e24485cea50d1cbac27 -> 
  custom:video-encoder-webm-vp8: eb34c28f22e8b96e1ab97ce403110664 -> 
  custom:video-decoder-webm-vp8: 9c59270c3fd7afecdb556c50c9e8de78 -> 
  custom:audio-decoder-ogg-vorbis: bf7c407c2cedff20999df2af8eb42d56 -> 
  custom:audio-encoder-webm-vorbis: bf7c407c2cedff20999df2af8eb42d56 -> 
========================================================================
Received Prepare
Registering precompiled user dll's ...
Registered in 0.004235 seconds.
Begin MonoManager ReloadAssembly
Native extension for WindowsStandalone target not found
Refreshing native plugins compatible for Editor in 0.47 ms, found 3 plugins.
Preloading 0 native plugins for Editor in 0.00 ms.
Mono: successfully reloaded assembly
- Completed reload, in  0.896 seconds
Domain Reload Profiling:
	ReloadAssembly (896ms)
		BeginReloadAssembly (91ms)
			ExecutionOrderSort (0ms)
			DisableScriptedObjects (6ms)
			BackupInstance (0ms)
			ReleaseScriptingObjects (0ms)
			CreateAndSetChildDomain (29ms)
		EndReloadAssembly (755ms)
			LoadAssemblies (75ms)
			RebuildTransferFunctionScriptingTraits (0ms)
			SetupTypeCache (243ms)
			ReleaseScriptCaches (1ms)
			RebuildScriptCaches (37ms)
			SetupLoadedEditorAssemblies (306ms)
				LogAssemblyErrors (0ms)
				InitializePlatformSupportModulesInManaged (4ms)
				SetLoadedEditorAssemblies (0ms)
				RefreshPlugins (1ms)
				BeforeProcessingInitializeOnLoad (50ms)
				ProcessInitializeOnLoadAttributes (243ms)
				ProcessInitializeOnLoadMethodAttributes (5ms)
				AfterProcessingInitializeOnLoad (2ms)
				EditorAssembliesLoaded (0ms)
			ExecutionOrderSort2 (0ms)
			AwakeInstancesAfterBackupRestoration (9ms)
Platform modules already initialized, skipping
Refreshing native plugins compatible for Editor in 0.45 ms, found 3 plugins.
Preloading 0 native plugins for Editor in 0.00 ms.
Unloading 2083 Unused Serialized files (Serialized files now loaded: 0)
System memory in use before: 95.6 MB.
System memory in use after: 95.7 MB.

Unloading 16 unused Assets to reduce memory usage. Loaded Objects now: 2556.
Total: 2.804700 ms (FindLiveObjects: 0.230200 ms CreateObjectMapping: 0.083600 ms MarkObjects: 2.475800 ms  DeleteObjects: 0.014400 ms)

AssetImportParameters requested are different than current active one (requested -> active):
  custom:framework-win-MediaFoundation: 216162199b28c13a410421893ffa2e32 -> 
  custom:video-decoder-ogg-theora: a1e56fd34408186e4bbccfd4996cb3dc -> 
  custom:container-muxer-webm: aa71ff27fc2769a1b78a27578f13a17b -> 
  custom:container-demuxer-webm: 4f35f7cbe854078d1ac9338744f61a02 -> 
  custom:container-demuxer-ogg: 62fdf1f143b41e24485cea50d1cbac27 -> 
  custom:video-encoder-webm-vp8: eb34c28f22e8b96e1ab97ce403110664 -> 
  custom:video-decoder-webm-vp8: 9c59270c3fd7afecdb556c50c9e8de78 -> 
  custom:audio-decoder-ogg-vorbis: bf7c407c2cedff20999df2af8eb42d56 -> 
  custom:audio-encoder-webm-vorbis: bf7c407c2cedff20999df2af8eb42d56 -> 
========================================================================
Received Prepare
Registering precompiled user dll's ...
Registered in 0.004965 seconds.
Begin MonoManager ReloadAssembly
Native extension for WindowsStandalone target not found
Refreshing native plugins compatible for Editor in 0.86 ms, found 3 plugins.
Preloading 0 native plugins for Editor in 0.00 ms.
Mono: successfully reloaded assembly
- Completed reload, in  1.145 seconds
Domain Reload Profiling:
	ReloadAssembly (1146ms)
		BeginReloadAssembly (114ms)
			ExecutionOrderSort (0ms)
			DisableScriptedObjects (7ms)
			BackupInstance (0ms)
			ReleaseScriptingObjects (0ms)
			CreateAndSetChildDomain (40ms)
		EndReloadAssembly (976ms)
			LoadAssemblies (90ms)
			RebuildTransferFunctionScriptingTraits (0ms)
			SetupTypeCache (295ms)
			ReleaseScriptCaches (1ms)
			RebuildScriptCaches (56ms)
			SetupLoadedEditorAssemblies (402ms)
				LogAssemblyErrors (0ms)
				InitializePlatformSupportModulesInManaged (6ms)
				SetLoadedEditorAssemblies (1ms)
				RefreshPlugins (1ms)
				BeforeProcessingInitializeOnLoad (74ms)
				ProcessInitializeOnLoadAttributes (312ms)
				ProcessInitializeOnLoadMethodAttributes (6ms)
				AfterProcessingInitializeOnLoad (2ms)
				EditorAssembliesLoaded (0ms)
			ExecutionOrderSort2 (0ms)
			AwakeInstancesAfterBackupRestoration (10ms)
Platform modules already initialized, skipping
Refreshing native plugins compatible for Editor in 0.86 ms, found 3 plugins.
Preloading 0 native plugins for Editor in 0.00 ms.
Unloading 2083 Unused Serialized files (Serialized files now loaded: 0)
System memory in use before: 95.6 MB.
System memory in use after: 95.8 MB.

Unloading 16 unused Assets to reduce memory usage. Loaded Objects now: 2559.
Total: 3.215700 ms (FindLiveObjects: 0.239500 ms CreateObjectMapping: 0.106500 ms MarkObjects: 2.846700 ms  DeleteObjects: 0.021500 ms)

AssetImportParameters requested are different than current active one (requested -> active):
  custom:framework-win-MediaFoundation: 216162199b28c13a410421893ffa2e32 -> 
  custom:video-decoder-ogg-theora: a1e56fd34408186e4bbccfd4996cb3dc -> 
  custom:container-muxer-webm: aa71ff27fc2769a1b78a27578f13a17b -> 
  custom:container-demuxer-webm: 4f35f7cbe854078d1ac9338744f61a02 -> 
  custom:container-demuxer-ogg: 62fdf1f143b41e24485cea50d1cbac27 -> 
  custom:video-encoder-webm-vp8: eb34c28f22e8b96e1ab97ce403110664 -> 
  custom:video-decoder-webm-vp8: 9c59270c3fd7afecdb556c50c9e8de78 -> 
  custom:audio-decoder-ogg-vorbis: bf7c407c2cedff20999df2af8eb42d56 -> 
  custom:audio-encoder-webm-vorbis: bf7c407c2cedff20999df2af8eb42d56 -> 
========================================================================
Received Prepare
Registering precompiled user dll's ...
Registered in 0.003796 seconds.
Begin MonoManager ReloadAssembly
Native extension for WindowsStandalone target not found
Refreshing native plugins compatible for Editor in 0.47 ms, found 3 plugins.
Preloading 0 native plugins for Editor in 0.00 ms.
Mono: successfully reloaded assembly
- Completed reload, in  0.942 seconds
Domain Reload Profiling:
	ReloadAssembly (942ms)
		BeginReloadAssembly (94ms)
			ExecutionOrderSort (0ms)
			DisableScriptedObjects (6ms)
			BackupInstance (0ms)
			ReleaseScriptingObjects (0ms)
			CreateAndSetChildDomain (31ms)
		EndReloadAssembly (798ms)
			LoadAssemblies (77ms)
			RebuildTransferFunctionScriptingTraits (0ms)
			SetupTypeCache (240ms)
			ReleaseScriptCaches (1ms)
			RebuildScriptCaches (38ms)
			SetupLoadedEditorAssemblies (348ms)
				LogAssemblyErrors (0ms)
				InitializePlatformSupportModulesInManaged (4ms)
				SetLoadedEditorAssemblies (0ms)
				RefreshPlugins (1ms)
				BeforeProcessingInitializeOnLoad (64ms)
				ProcessInitializeOnLoadAttributes (272ms)
				ProcessInitializeOnLoadMethodAttributes (5ms)
				AfterProcessingInitializeOnLoad (2ms)
				EditorAssembliesLoaded (0ms)
			ExecutionOrderSort2 (0ms)
			AwakeInstancesAfterBackupRestoration (10ms)
Platform modules already initialized, skipping
Refreshing native plugins compatible for Editor in 1.03 ms, found 3 plugins.
Preloading 0 native plugins for Editor in 0.00 ms.
Unloading 2083 Unused Serialized files (Serialized files now loaded: 0)
System memory in use before: 95.6 MB.
System memory in use after: 95.8 MB.

Unloading 16 unused Assets to reduce memory usage. Loaded Objects now: 2562.
Total: 2.971900 ms (FindLiveObjects: 0.229100 ms CreateObjectMapping: 0.079800 ms MarkObjects: 2.647500 ms  DeleteObjects: 0.014700 ms)

AssetImportParameters requested are different than current active one (requested -> active):
  custom:framework-win-MediaFoundation: 216162199b28c13a410421893ffa2e32 -> 
  custom:video-decoder-ogg-theora: a1e56fd34408186e4bbccfd4996cb3dc -> 
  custom:container-muxer-webm: aa71ff27fc2769a1b78a27578f13a17b -> 
  custom:container-demuxer-webm: 4f35f7cbe854078d1ac9338744f61a02 -> 
  custom:container-demuxer-ogg: 62fdf1f143b41e24485cea50d1cbac27 -> 
  custom:video-encoder-webm-vp8: eb34c28f22e8b96e1ab97ce403110664 -> 
  custom:video-decoder-webm-vp8: 9c59270c3fd7afecdb556c50c9e8de78 -> 
  custom:audio-decoder-ogg-vorbis: bf7c407c2cedff20999df2af8eb42d56 -> 
  custom:audio-encoder-webm-vorbis: bf7c407c2cedff20999df2af8eb42d56 -> 
========================================================================
Received Prepare
Registering precompiled user dll's ...
Registered in 0.003824 seconds.
Begin MonoManager ReloadAssembly
Native extension for WindowsStandalone target not found
Refreshing native plugins compatible for Editor in 0.47 ms, found 3 plugins.
Preloading 0 native plugins for Editor in 0.00 ms.
Mono: successfully reloaded assembly
- Completed reload, in  0.954 seconds
Domain Reload Profiling:
	ReloadAssembly (955ms)
		BeginReloadAssembly (93ms)
			ExecutionOrderSort (0ms)
			DisableScriptedObjects (6ms)
			BackupInstance (0ms)
			ReleaseScriptingObjects (0ms)
			CreateAndSetChildDomain (30ms)
		EndReloadAssembly (813ms)
			LoadAssemblies (75ms)
			RebuildTransferFunctionScriptingTraits (0ms)
			SetupTypeCache (245ms)
			ReleaseScriptCaches (1ms)
			RebuildScriptCaches (38ms)
			SetupLoadedEditorAssemblies (360ms)
				LogAssemblyErrors (0ms)
				InitializePlatformSupportModulesInManaged (4ms)
				SetLoadedEditorAssemblies (0ms)
				RefreshPlugins (1ms)
				BeforeProcessingInitializeOnLoad (57ms)
				ProcessInitializeOnLoadAttributes (290ms)
				ProcessInitializeOnLoadMethodAttributes (5ms)
				AfterProcessingInitializeOnLoad (2ms)
				EditorAssembliesLoaded (0ms)
			ExecutionOrderSort2 (0ms)
			AwakeInstancesAfterBackupRestoration (10ms)
Platform modules already initialized, skipping
Refreshing native plugins compatible for Editor in 0.45 ms, found 3 plugins.
Preloading 0 native plugins for Editor in 0.00 ms.
Unloading 2083 Unused Serialized files (Serialized files now loaded: 0)
System memory in use before: 95.7 MB.
System memory in use after: 95.8 MB.

Unloading 16 unused Assets to reduce memory usage. Loaded Objects now: 2565.
Total: 2.731800 ms (FindLiveObjects: 0.194100 ms CreateObjectMapping: 0.076500 ms MarkObjects: 2.445400 ms  DeleteObjects: 0.015000 ms)

AssetImportParameters requested are different than current active one (requested -> active):
  custom:framework-win-MediaFoundation: 216162199b28c13a410421893ffa2e32 -> 
  custom:video-decoder-ogg-theora: a1e56fd34408186e4bbccfd4996cb3dc -> 
  custom:container-muxer-webm: aa71ff27fc2769a1b78a27578f13a17b -> 
  custom:container-demuxer-webm: 4f35f7cbe854078d1ac9338744f61a02 -> 
  custom:container-demuxer-ogg: 62fdf1f143b41e24485cea50d1cbac27 -> 
  custom:video-encoder-webm-vp8: eb34c28f22e8b96e1ab97ce403110664 -> 
  custom:video-decoder-webm-vp8: 9c59270c3fd7afecdb556c50c9e8de78 -> 
  custom:audio-decoder-ogg-vorbis: bf7c407c2cedff20999df2af8eb42d56 -> 
  custom:audio-encoder-webm-vorbis: bf7c407c2cedff20999df2af8eb42d56 -> 
========================================================================
Received Prepare
Registering precompiled user dll's ...
Registered in 0.003771 seconds.
Begin MonoManager ReloadAssembly
Native extension for WindowsStandalone target not found
Refreshing native plugins compatible for Editor in 0.62 ms, found 3 plugins.
Preloading 0 native plugins for Editor in 0.00 ms.
Mono: successfully reloaded assembly
- Completed reload, in  1.126 seconds
Domain Reload Profiling:
	ReloadAssembly (1127ms)
		BeginReloadAssembly (104ms)
			ExecutionOrderSort (0ms)
			DisableScriptedObjects (6ms)
			BackupInstance (0ms)
			ReleaseScriptingObjects (0ms)
			CreateAndSetChildDomain (34ms)
		EndReloadAssembly (959ms)
			LoadAssemblies (89ms)
			RebuildTransferFunctionScriptingTraits (0ms)
			SetupTypeCache (292ms)
			ReleaseScriptCaches (1ms)
			RebuildScriptCaches (50ms)
			SetupLoadedEditorAssemblies (399ms)
				LogAssemblyErrors (0ms)
				InitializePlatformSupportModulesInManaged (5ms)
				SetLoadedEditorAssemblies (0ms)
				RefreshPlugins (1ms)
				BeforeProcessingInitializeOnLoad (71ms)
				ProcessInitializeOnLoadAttributes (313ms)
				ProcessInitializeOnLoadMethodAttributes (6ms)
				AfterProcessingInitializeOnLoad (2ms)
				EditorAssembliesLoaded (0ms)
			ExecutionOrderSort2 (0ms)
			AwakeInstancesAfterBackupRestoration (12ms)
Platform modules already initialized, skipping
Refreshing native plugins compatible for Editor in 0.70 ms, found 3 plugins.
Preloading 0 native plugins for Editor in 0.00 ms.
Unloading 2083 Unused Serialized files (Serialized files now loaded: 0)
System memory in use before: 95.7 MB.
System memory in use after: 95.8 MB.

Unloading 16 unused Assets to reduce memory usage. Loaded Objects now: 2568.
Total: 3.152500 ms (FindLiveObjects: 0.227100 ms CreateObjectMapping: 0.105400 ms MarkObjects: 2.800100 ms  DeleteObjects: 0.018700 ms)

AssetImportParameters requested are different than current active one (requested -> active):
  custom:framework-win-MediaFoundation: 216162199b28c13a410421893ffa2e32 -> 
  custom:video-decoder-ogg-theora: a1e56fd34408186e4bbccfd4996cb3dc -> 
  custom:container-muxer-webm: aa71ff27fc2769a1b78a27578f13a17b -> 
  custom:container-demuxer-webm: 4f35f7cbe854078d1ac9338744f61a02 -> 
  custom:container-demuxer-ogg: 62fdf1f143b41e24485cea50d1cbac27 -> 
  custom:video-encoder-webm-vp8: eb34c28f22e8b96e1ab97ce403110664 -> 
  custom:video-decoder-webm-vp8: 9c59270c3fd7afecdb556c50c9e8de78 -> 
  custom:audio-decoder-ogg-vorbis: bf7c407c2cedff20999df2af8eb42d56 -> 
  custom:audio-encoder-webm-vorbis: bf7c407c2cedff20999df2af8eb42d56 -> 
========================================================================
Received Prepare
Registering precompiled user dll's ...
Registered in 0.003765 seconds.
Begin MonoManager ReloadAssembly
Native extension for WindowsStandalone target not found
Refreshing native plugins compatible for Editor in 0.49 ms, found 3 plugins.
Preloading 0 native plugins for Editor in 0.00 ms.
Mono: successfully reloaded assembly
- Completed reload, in  0.909 seconds
Domain Reload Profiling:
	ReloadAssembly (909ms)
		BeginReloadAssembly (88ms)
			ExecutionOrderSort (0ms)
			DisableScriptedObjects (6ms)
			BackupInstance (0ms)
			ReleaseScriptingObjects (0ms)
			CreateAndSetChildDomain (28ms)
		EndReloadAssembly (771ms)
			LoadAssemblies (73ms)
			RebuildTransferFunctionScriptingTraits (0ms)
			SetupTypeCache (241ms)
			ReleaseScriptCaches (1ms)
			RebuildScriptCaches (38ms)
			SetupLoadedEditorAssemblies (325ms)
				LogAssemblyErrors (0ms)
				InitializePlatformSupportModulesInManaged (4ms)
				SetLoadedEditorAssemblies (0ms)
				RefreshPlugins (1ms)
				BeforeProcessingInitializeOnLoad (53ms)
				ProcessInitializeOnLoadAttributes (259ms)
				ProcessInitializeOnLoadMethodAttributes (5ms)
				AfterProcessingInitializeOnLoad (2ms)
				EditorAssembliesLoaded (0ms)
			ExecutionOrderSort2 (0ms)
			AwakeInstancesAfterBackupRestoration (9ms)
Platform modules already initialized, skipping
Refreshing native plugins compatible for Editor in 0.44 ms, found 3 plugins.
Preloading 0 native plugins for Editor in 0.00 ms.
Unloading 2083 Unused Serialized files (Serialized files now loaded: 0)
System memory in use before: 95.7 MB.
System memory in use after: 95.8 MB.

Unloading 16 unused Assets to reduce memory usage. Loaded Objects now: 2571.
Total: 2.827000 ms (FindLiveObjects: 0.185600 ms CreateObjectMapping: 0.076800 ms MarkObjects: 2.548200 ms  DeleteObjects: 0.015800 ms)

AssetImportParameters requested are different than current active one (requested -> active):
  custom:framework-win-MediaFoundation: 216162199b28c13a410421893ffa2e32 -> 
  custom:video-decoder-ogg-theora: a1e56fd34408186e4bbccfd4996cb3dc -> 
  custom:container-muxer-webm: aa71ff27fc2769a1b78a27578f13a17b -> 
  custom:container-demuxer-webm: 4f35f7cbe854078d1ac9338744f61a02 -> 
  custom:container-demuxer-ogg: 62fdf1f143b41e24485cea50d1cbac27 -> 
  custom:video-encoder-webm-vp8: eb34c28f22e8b96e1ab97ce403110664 -> 
  custom:video-decoder-webm-vp8: 9c59270c3fd7afecdb556c50c9e8de78 -> 
  custom:audio-decoder-ogg-vorbis: bf7c407c2cedff20999df2af8eb42d56 -> 
  custom:audio-encoder-webm-vorbis: bf7c407c2cedff20999df2af8eb42d56 -> 
========================================================================
Received Prepare
Registering precompiled user dll's ...
Registered in 0.003735 seconds.
Begin MonoManager ReloadAssembly
Native extension for WindowsStandalone target not found
Refreshing native plugins compatible for Editor in 0.49 ms, found 3 plugins.
Preloading 0 native plugins for Editor in 0.00 ms.
Mono: successfully reloaded assembly
- Completed reload, in  0.960 seconds
Domain Reload Profiling:
	ReloadAssembly (960ms)
		BeginReloadAssembly (93ms)
			ExecutionOrderSort (0ms)
			DisableScriptedObjects (6ms)
			BackupInstance (0ms)
			ReleaseScriptingObjects (0ms)
			CreateAndSetChildDomain (29ms)
		EndReloadAssembly (815ms)
			LoadAssemblies (75ms)
			RebuildTransferFunctionScriptingTraits (0ms)
			SetupTypeCache (279ms)
			ReleaseScriptCaches (1ms)
			RebuildScriptCaches (47ms)
			SetupLoadedEditorAssemblies (313ms)
				LogAssemblyErrors (0ms)
				InitializePlatformSupportModulesInManaged (4ms)
				SetLoadedEditorAssemblies (0ms)
				RefreshPlugins (1ms)
				BeforeProcessingInitializeOnLoad (53ms)
				ProcessInitializeOnLoadAttributes (247ms)
				ProcessInitializeOnLoadMethodAttributes (5ms)
				AfterProcessingInitializeOnLoad (2ms)
				EditorAssembliesLoaded (0ms)
			ExecutionOrderSort2 (0ms)
			AwakeInstancesAfterBackupRestoration (9ms)
Platform modules already initialized, skipping
Refreshing native plugins compatible for Editor in 0.96 ms, found 3 plugins.
Preloading 0 native plugins for Editor in 0.00 ms.
Unloading 2083 Unused Serialized files (Serialized files now loaded: 0)
System memory in use before: 95.7 MB.
System memory in use after: 95.8 MB.

Unloading 16 unused Assets to reduce memory usage. Loaded Objects now: 2574.
Total: 3.784900 ms (FindLiveObjects: 0.270100 ms CreateObjectMapping: 0.125200 ms MarkObjects: 3.356400 ms  DeleteObjects: 0.030900 ms)

AssetImportParameters requested are different than current active one (requested -> active):
  custom:framework-win-MediaFoundation: 216162199b28c13a410421893ffa2e32 -> 
  custom:video-decoder-ogg-theora: a1e56fd34408186e4bbccfd4996cb3dc -> 
  custom:container-muxer-webm: aa71ff27fc2769a1b78a27578f13a17b -> 
  custom:container-demuxer-webm: 4f35f7cbe854078d1ac9338744f61a02 -> 
  custom:container-demuxer-ogg: 62fdf1f143b41e24485cea50d1cbac27 -> 
  custom:video-encoder-webm-vp8: eb34c28f22e8b96e1ab97ce403110664 -> 
  custom:video-decoder-webm-vp8: 9c59270c3fd7afecdb556c50c9e8de78 -> 
  custom:audio-decoder-ogg-vorbis: bf7c407c2cedff20999df2af8eb42d56 -> 
  custom:audio-encoder-webm-vorbis: bf7c407c2cedff20999df2af8eb42d56 -> 
========================================================================
Received Prepare
Refreshing native plugins compatible for Editor in 3.67 ms, found 3 plugins.
Preloading 0 native plugins for Editor in 0.00 ms.
Unloading 14 Unused Serialized files (Serialized files now loaded: 0)
System memory in use before: 54.8 MB.
System memory in use after: 54.9 MB.

Unloading 14 unused Assets to reduce memory usage. Loaded Objects now: 2574.
Total: 3.276700 ms (FindLiveObjects: 0.197100 ms CreateObjectMapping: 0.078900 ms MarkObjects: 2.987800 ms  DeleteObjects: 0.012100 ms)

AssetImportParameters requested are different than current active one (requested -> active):
  custom:framework-win-MediaFoundation: 216162199b28c13a410421893ffa2e32 -> 
  custom:video-decoder-ogg-theora: a1e56fd34408186e4bbccfd4996cb3dc -> 
  custom:container-muxer-webm: aa71ff27fc2769a1b78a27578f13a17b -> 
  custom:container-demuxer-webm: 4f35f7cbe854078d1ac9338744f61a02 -> 
  custom:container-demuxer-ogg: 62fdf1f143b41e24485cea50d1cbac27 -> 
  custom:video-encoder-webm-vp8: eb34c28f22e8b96e1ab97ce403110664 -> 
  custom:video-decoder-webm-vp8: 9c59270c3fd7afecdb556c50c9e8de78 -> 
  custom:audio-decoder-ogg-vorbis: bf7c407c2cedff20999df2af8eb42d56 -> 
  custom:audio-encoder-webm-vorbis: bf7c407c2cedff20999df2af8eb42d56 -> 
AssetImportWorkerClient::OnTransportError - code=2 error=End of file
